[INFO] Scanning for projects...
[INFO] 
[INFO] --------------------------< com.audrey:soft >---------------------------
[INFO] Building  0.0.1-SNAPSHOT
[INFO]   from pom.xml
[INFO] --------------------------------[ jar ]---------------------------------
[INFO] 
[INFO] --- resources:3.3.1:resources (default-resources) @ soft ---
[INFO] Copying 1 resource from src\main\resources to target\classes
[INFO] Copying 0 resource from src\main\resources to target\classes
[INFO] 
[INFO] --- compiler:3.14.1:compile (default-compile) @ soft ---
[INFO] Recompiling the module because of changed source code.
[INFO] Compiling 68 source files with javac [debug parameters release 21] to target\classes
[INFO] -------------------------------------------------------------
[WARNING] COMPILATION WARNING : 
[INFO] -------------------------------------------------------------
[WARNING] /E:/AUDREY-ENGINE/SERVER/soft/src/main/java/com/audrey/soft/tenant/app/mappers/SucursalMapper.java:[11,14] Unmapped target property: "updatedAt".
[WARNING] /E:/AUDREY-ENGINE/SERVER/soft/src/main/java/com/audrey/soft/tenant/app/mappers/EmpresaMapper.java:[11,13] Unmapped target property: "updatedAt".
[INFO] 2 warnings 
[INFO] -------------------------------------------------------------
[INFO] -------------------------------------------------------------
[ERROR] COMPILATION ERROR : 
[INFO] -------------------------------------------------------------
[ERROR] /E:/AUDREY-ENGINE/SERVER/soft/src/main/java/com/audrey/soft/auth/application/usecases/CreateUserByFounderUseCase.java:[33,47] cannot find symbol
  symbol:   method password()
  location: variable request of type com.audrey.soft.auth.application.dtos.UserDTO
[ERROR] /E:/AUDREY-ENGINE/SERVER/soft/src/main/java/com/audrey/soft/auth/application/usecases/UpdateUserByFounderUseCase.java:[36,20] cannot find symbol
  symbol:   method password()
  location: variable userDTO of type com.audrey.soft.auth.application.dtos.UserDTO
[ERROR] /E:/AUDREY-ENGINE/SERVER/soft/src/main/java/com/audrey/soft/auth/application/usecases/UpdateUserByFounderUseCase.java:[36,51] cannot find symbol
  symbol:   method password()
  location: variable userDTO of type com.audrey.soft.auth.application.dtos.UserDTO
[ERROR] /E:/AUDREY-ENGINE/SERVER/soft/src/main/java/com/audrey/soft/auth/application/usecases/UpdateUserByFounderUseCase.java:[37,60] cannot find symbol
  symbol:   method password()
  location: variable userDTO of type com.audrey.soft.auth.application.dtos.UserDTO
[INFO] 4 errors 
[INFO] -------------------------------------------------------------
[INFO] ------------------------------------------------------------------------
[INFO] BUILD FAILURE
[INFO] ------------------------------------------------------------------------
[INFO] Total time:  4.830 s
[INFO] Finished at: 2026-03-29T13:15:23-05:00
[INFO] ------------------------------------------------------------------------
[ERROR] Failed to execute goal org.apache.maven.plugins:maven-compiler-plugin:3.14.1:compile (default-compile) on project soft: Compilation failure: Compilation failure: 
[ERROR] /E:/AUDREY-ENGINE/SERVER/soft/src/main/java/com/audrey/soft/auth/application/usecases/CreateUserByFounderUseCase.java:[33,47] cannot find symbol
[ERROR]   symbol:   method password()
[ERROR]   location: variable request of type com.audrey.soft.auth.application.dtos.UserDTO
[ERROR] /E:/AUDREY-ENGINE/SERVER/soft/src/main/java/com/audrey/soft/auth/application/usecases/UpdateUserByFounderUseCase.java:[36,20] cannot find symbol
[ERROR]   symbol:   method password()
[ERROR]   location: variable userDTO of type com.audrey.soft.auth.application.dtos.UserDTO
[ERROR] /E:/AUDREY-ENGINE/SERVER/soft/src/main/java/com/audrey/soft/auth/application/usecases/UpdateUserByFounderUseCase.java:[36,51] cannot find symbol
[ERROR]   symbol:   method password()
[ERROR]   location: variable userDTO of type com.audrey.soft.auth.application.dtos.UserDTO
[ERROR] /E:/AUDREY-ENGINE/SERVER/soft/src/main/java/com/audrey/soft/auth/application/usecases/UpdateUserByFounderUseCase.java:[37,60] cannot find symbol
[ERROR]   symbol:   method password()
[ERROR]   location: variable userDTO of type com.audrey.soft.auth.application.dtos.UserDTO
[ERROR] -> [Help 1]
[ERROR] 
[ERROR] To see the full stack trace of the errors, re-run Maven with the -e switch.
[ERROR] Re-run Maven using the -X switch to enable full debug logging.
[ERROR] 
[ERROR] For more information about the errors and possible solutions, please read the following articles:
[ERROR] [Help 1] http://cwiki.apache.org/confluence/display/MAVEN/MojoFailureException
